<?xml version="1.0" encoding="UTF-8"?>
<testng-results ignored="0" total="1" passed="1" failed="0" skipped="0">
  <reporter-output>
  </reporter-output>
  <suite started-at="2023-04-05T17:28:31 IST" name="Default suite" finished-at="2023-04-05T17:28:53 IST" duration-ms="21931">
    <groups>
    </groups>
    <test started-at="2023-04-05T17:28:31 IST" name="Default test" finished-at="2023-04-05T17:28:53 IST" duration-ms="21931">
      <class name="selenium4features.MonteScreenRecorderAPI">
        <test-method signature="monteAPI()[pri:0, instance:selenium4features.MonteScreenRecorderAPI@1afd44cb]" started-at="2023-04-05T17:28:31 IST" name="monteAPI" finished-at="2023-04-05T17:28:53 IST" duration-ms="21879" status="PASS">
          <reporter-output>
          </reporter-output>
        </test-method> <!-- monteAPI -->
      </class> <!-- selenium4features.MonteScreenRecorderAPI -->
    </test> <!-- Default test -->
  </suite> <!-- Default suite -->
</testng-results>
